{"/Users/sf/Desktop/vud-jest/VUD/packages/form-dialog/src/main.vue": {"path":"/Users/sf/Desktop/vud-jest/VUD/packages/form-dialog/src/main.vue","statementMap":{"0":{"start":{"line":80,"column":0},"end":{"line":80,"column":null}},"1":{"start":{"line":85,"column":0},"end":{"line":85,"column":null}},"2":{"start":{"line":111,"column":0},"end":{"line":111,"column":null}},"3":{"start":{"line":112,"column":0},"end":{"line":112,"column":null}},"4":{"start":{"line":87,"column":0},"end":{"line":87,"column":null}},"5":{"start":{"line":118,"column":0},"end":{"line":118,"column":null}},"6":{"start":{"line":119,"column":0},"end":{"line":123,"column":null}},"7":{"start":{"line":120,"column":0},"end":{"line":122,"column":null}},"8":{"start":{"line":121,"column":0},"end":{"line":121,"column":null}},"9":{"start":{"line":124,"column":0},"end":{"line":124,"column":null}},"10":{"start":{"line":131,"column":0},"end":{"line":131,"column":null}},"11":{"start":{"line":132,"column":0},"end":{"line":132,"column":null}},"12":{"start":{"line":133,"column":0},"end":{"line":137,"column":null}},"13":{"start":{"line":134,"column":0},"end":{"line":134,"column":null}},"14":{"start":{"line":136,"column":0},"end":{"line":136,"column":null}},"15":{"start":{"line":138,"column":0},"end":{"line":138,"column":null}},"16":{"start":{"line":141,"column":0},"end":{"line":143,"column":null}},"17":{"start":{"line":142,"column":0},"end":{"line":142,"column":null}},"18":{"start":{"line":144,"column":0},"end":{"line":144,"column":null}},"19":{"start":{"line":147,"column":0},"end":{"line":147,"column":null}},"20":{"start":{"line":150,"column":0},"end":{"line":150,"column":null}},"21":{"start":{"line":153,"column":0},"end":{"line":153,"column":null}},"22":{"start":{"line":92,"column":0},"end":{"line":92,"column":null}},"23":{"start":{"line":96,"column":0},"end":{"line":96,"column":null}},"24":{"start":{"line":107,"column":0},"end":{"line":107,"column":null}},"25":{"start":{"line":108,"column":0},"end":{"line":108,"column":null}}},"fnMap":{"0":{"name":"(anonymous_1)","decl":{"start":{"line":83,"column":0},"end":{"line":83,"column":null}},"loc":{"start":{"line":83,"column":0},"end":{"line":155,"column":null}}},"1":{"name":"(anonymous_2)","decl":{"start":{"line":86,"column":0},"end":{"line":86,"column":null}},"loc":{"start":{"line":86,"column":0},"end":{"line":88,"column":null}}},"2":{"name":"(anonymous_3)","decl":{"start":{"line":117,"column":0},"end":{"line":117,"column":null}},"loc":{"start":{"line":117,"column":0},"end":{"line":125,"column":null}}},"3":{"name":"(anonymous_4)","decl":{"start":{"line":119,"column":0},"end":{"line":119,"column":null}},"loc":{"start":{"line":119,"column":0},"end":{"line":123,"column":null}}},"4":{"name":"(anonymous_5)","decl":{"start":{"line":130,"column":0},"end":{"line":130,"column":null}},"loc":{"start":{"line":130,"column":0},"end":{"line":139,"column":null}}},"5":{"name":"(anonymous_6)","decl":{"start":{"line":140,"column":0},"end":{"line":140,"column":null}},"loc":{"start":{"line":140,"column":0},"end":{"line":145,"column":null}}},"6":{"name":"(anonymous_7)","decl":{"start":{"line":146,"column":0},"end":{"line":146,"column":null}},"loc":{"start":{"line":146,"column":0},"end":{"line":148,"column":null}}},"7":{"name":"(anonymous_8)","decl":{"start":{"line":149,"column":0},"end":{"line":149,"column":null}},"loc":{"start":{"line":149,"column":0},"end":{"line":151,"column":null}}},"8":{"name":"(anonymous_9)","decl":{"start":{"line":152,"column":0},"end":{"line":152,"column":null}},"loc":{"start":{"line":152,"column":0},"end":{"line":154,"column":null}}},"9":{"name":"(anonymous_10)","decl":{"start":{"line":108,"column":0},"end":{"line":108,"column":null}},"loc":{"start":{"line":108,"column":0},"end":{"line":108,"column":null}}}},"branchMap":{"0":{"loc":{"start":{"line":120,"column":0},"end":{"line":122,"column":null}},"type":"if","locations":[{"start":{"line":120,"column":0},"end":{"line":122,"column":null}},{"start":{"line":120,"column":0},"end":{"line":122,"column":null}}]},"1":{"loc":{"start":{"line":133,"column":0},"end":{"line":137,"column":null}},"type":"if","locations":[{"start":{"line":133,"column":0},"end":{"line":137,"column":null}},{"start":{"line":133,"column":0},"end":{"line":137,"column":null}}]},"2":{"loc":{"start":{"line":133,"column":0},"end":{"line":133,"column":null}},"type":"binary-expr","locations":[{"start":{"line":133,"column":0},"end":{"line":133,"column":null}},{"start":{"line":133,"column":0},"end":{"line":133,"column":null}}]},"3":{"loc":{"start":{"line":136,"column":0},"end":{"line":136,"column":null}},"type":"binary-expr","locations":[{"start":{"line":136,"column":0},"end":{"line":136,"column":null}},{"start":{"line":136,"column":0},"end":{"line":136,"column":null}}]},"4":{"loc":{"start":{"line":141,"column":0},"end":{"line":143,"column":null}},"type":"if","locations":[{"start":{"line":141,"column":0},"end":{"line":143,"column":null}},{"start":{"line":141,"column":0},"end":{"line":143,"column":null}}]},"5":{"loc":{"start":{"line":141,"column":0},"end":{"line":141,"column":null}},"type":"binary-expr","locations":[{"start":{"line":141,"column":0},"end":{"line":141,"column":null}},{"start":{"line":141,"column":0},"end":{"line":141,"column":null}}]}},"s":{"0":0,"1":0,"2":0,"3":0,"4":0,"5":0,"6":0,"7":0,"8":0,"9":0,"10":0,"11":0,"12":0,"13":0,"14":0,"15":0,"16":0,"17":0,"18":0,"19":0,"20":0,"21":0,"22":0,"23":0,"24":0,"25":0},"f":{"0":0,"1":0,"2":0,"3":0,"4":0,"5":0,"6":0,"7":0,"8":0,"9":0},"b":{"0":[0,0],"1":[0,0],"2":[0,0],"3":[0,0],"4":[0,0],"5":[0,0]}}
,"/Users/sf/Desktop/vud-jest/VUD/packages/form-table/src/main.vue": {"path":"/Users/sf/Desktop/vud-jest/VUD/packages/form-table/src/main.vue","statementMap":{"0":{"start":{"line":103,"column":0},"end":{"line":103,"column":null}},"1":{"start":{"line":106,"column":0},"end":{"line":106,"column":null}},"2":{"start":{"line":150,"column":0},"end":{"line":150,"column":null}},"3":{"start":{"line":151,"column":0},"end":{"line":151,"column":null}},"4":{"start":{"line":108,"column":0},"end":{"line":108,"column":null}},"5":{"start":{"line":111,"column":0},"end":{"line":111,"column":null}},"6":{"start":{"line":156,"column":0},"end":{"line":156,"column":null}},"7":{"start":{"line":157,"column":0},"end":{"line":157,"column":null}},"8":{"start":{"line":158,"column":0},"end":{"line":163,"column":null}},"9":{"start":{"line":159,"column":0},"end":{"line":159,"column":null}},"10":{"start":{"line":160,"column":0},"end":{"line":162,"column":null}},"11":{"start":{"line":161,"column":0},"end":{"line":161,"column":null}},"12":{"start":{"line":164,"column":0},"end":{"line":164,"column":null}},"13":{"start":{"line":171,"column":0},"end":{"line":171,"column":null}},"14":{"start":{"line":172,"column":0},"end":{"line":172,"column":null}},"15":{"start":{"line":173,"column":0},"end":{"line":177,"column":null}},"16":{"start":{"line":174,"column":0},"end":{"line":174,"column":null}},"17":{"start":{"line":176,"column":0},"end":{"line":176,"column":null}},"18":{"start":{"line":178,"column":0},"end":{"line":178,"column":null}},"19":{"start":{"line":181,"column":0},"end":{"line":183,"column":null}},"20":{"start":{"line":182,"column":0},"end":{"line":182,"column":null}},"21":{"start":{"line":184,"column":0},"end":{"line":184,"column":null}},"22":{"start":{"line":190,"column":0},"end":{"line":209,"column":null}},"23":{"start":{"line":191,"column":0},"end":{"line":191,"column":null}},"24":{"start":{"line":192,"column":0},"end":{"line":192,"column":null}},"25":{"start":{"line":193,"column":0},"end":{"line":208,"column":null}},"26":{"start":{"line":194,"column":0},"end":{"line":194,"column":null}},"27":{"start":{"line":197,"column":0},"end":{"line":207,"column":null}},"28":{"start":{"line":199,"column":0},"end":{"line":199,"column":null}},"29":{"start":{"line":200,"column":0},"end":{"line":206,"column":null}},"30":{"start":{"line":201,"column":0},"end":{"line":201,"column":null}},"31":{"start":{"line":202,"column":0},"end":{"line":202,"column":null}},"32":{"start":{"line":203,"column":0},"end":{"line":203,"column":null}},"33":{"start":{"line":205,"column":0},"end":{"line":205,"column":null}},"34":{"start":{"line":215,"column":0},"end":{"line":215,"column":null}},"35":{"start":{"line":216,"column":0},"end":{"line":216,"column":null}},"36":{"start":{"line":219,"column":0},"end":{"line":219,"column":null}},"37":{"start":{"line":224,"column":0},"end":{"line":224,"column":null}},"38":{"start":{"line":116,"column":0},"end":{"line":116,"column":null}},"39":{"start":{"line":127,"column":0},"end":{"line":127,"column":null}},"40":{"start":{"line":136,"column":0},"end":{"line":136,"column":null}},"41":{"start":{"line":141,"column":0},"end":{"line":141,"column":null}},"42":{"start":{"line":142,"column":0},"end":{"line":142,"column":null}},"43":{"start":{"line":143,"column":0},"end":{"line":143,"column":null}},"44":{"start":{"line":147,"column":0},"end":{"line":147,"column":null}},"45":{"start":{"line":148,"column":0},"end":{"line":148,"column":null}},"46":{"start":{"line":223,"column":0},"end":{"line":222,"column":null}}},"fnMap":{"0":{"name":"(anonymous_1)","decl":{"start":{"line":104,"column":0},"end":{"line":104,"column":null}},"loc":{"start":{"line":104,"column":0},"end":{"line":226,"column":null}}},"1":{"name":"(anonymous_2)","decl":{"start":{"line":107,"column":0},"end":{"line":107,"column":null}},"loc":{"start":{"line":107,"column":0},"end":{"line":109,"column":null}}},"2":{"name":"(anonymous_3)","decl":{"start":{"line":110,"column":0},"end":{"line":110,"column":null}},"loc":{"start":{"line":110,"column":0},"end":{"line":112,"column":null}}},"3":{"name":"(anonymous_4)","decl":{"start":{"line":155,"column":0},"end":{"line":155,"column":null}},"loc":{"start":{"line":155,"column":0},"end":{"line":165,"column":null}}},"4":{"name":"(anonymous_5)","decl":{"start":{"line":158,"column":0},"end":{"line":158,"column":null}},"loc":{"start":{"line":158,"column":0},"end":{"line":163,"column":null}}},"5":{"name":"(anonymous_6)","decl":{"start":{"line":170,"column":0},"end":{"line":170,"column":null}},"loc":{"start":{"line":170,"column":0},"end":{"line":179,"column":null}}},"6":{"name":"(anonymous_7)","decl":{"start":{"line":180,"column":0},"end":{"line":180,"column":null}},"loc":{"start":{"line":180,"column":0},"end":{"line":185,"column":null}}},"7":{"name":"(anonymous_8)","decl":{"start":{"line":189,"column":0},"end":{"line":189,"column":null}},"loc":{"start":{"line":189,"column":0},"end":{"line":210,"column":null}}},"8":{"name":"(anonymous_9)","decl":{"start":{"line":190,"column":0},"end":{"line":190,"column":null}},"loc":{"start":{"line":190,"column":0},"end":{"line":209,"column":null}}},"9":{"name":"(anonymous_10)","decl":{"start":{"line":193,"column":0},"end":{"line":193,"column":null}},"loc":{"start":{"line":193,"column":0},"end":{"line":208,"column":null}}},"10":{"name":"(anonymous_11)","decl":{"start":{"line":197,"column":0},"end":{"line":197,"column":null}},"loc":{"start":{"line":197,"column":0},"end":{"line":207,"column":null}}},"11":{"name":"(anonymous_12)","decl":{"start":{"line":214,"column":0},"end":{"line":214,"column":null}},"loc":{"start":{"line":214,"column":0},"end":{"line":217,"column":null}}},"12":{"name":"(anonymous_13)","decl":{"start":{"line":218,"column":0},"end":{"line":218,"column":null}},"loc":{"start":{"line":218,"column":0},"end":{"line":220,"column":null}}},"13":{"name":"(anonymous_14)","decl":{"start":{"line":223,"column":0},"end":{"line":223,"column":null}},"loc":{"start":{"line":223,"column":0},"end":{"line":225,"column":null}}},"14":{"name":"(anonymous_15)","decl":{"start":{"line":148,"column":0},"end":{"line":148,"column":null}},"loc":{"start":{"line":148,"column":0},"end":{"line":148,"column":null}}}},"branchMap":{"0":{"loc":{"start":{"line":159,"column":0},"end":{"line":159,"column":null}},"type":"binary-expr","locations":[{"start":{"line":159,"column":0},"end":{"line":159,"column":null}},{"start":{"line":159,"column":0},"end":{"line":159,"column":null}}]},"1":{"loc":{"start":{"line":160,"column":0},"end":{"line":162,"column":null}},"type":"if","locations":[{"start":{"line":160,"column":0},"end":{"line":162,"column":null}},{"start":{"line":160,"column":0},"end":{"line":162,"column":null}}]},"2":{"loc":{"start":{"line":173,"column":0},"end":{"line":177,"column":null}},"type":"if","locations":[{"start":{"line":173,"column":0},"end":{"line":177,"column":null}},{"start":{"line":173,"column":0},"end":{"line":177,"column":null}}]},"3":{"loc":{"start":{"line":173,"column":0},"end":{"line":173,"column":null}},"type":"binary-expr","locations":[{"start":{"line":173,"column":0},"end":{"line":173,"column":null}},{"start":{"line":173,"column":0},"end":{"line":173,"column":null}}]},"4":{"loc":{"start":{"line":176,"column":0},"end":{"line":176,"column":null}},"type":"binary-expr","locations":[{"start":{"line":176,"column":0},"end":{"line":176,"column":null}},{"start":{"line":176,"column":0},"end":{"line":176,"column":null}}]},"5":{"loc":{"start":{"line":181,"column":0},"end":{"line":183,"column":null}},"type":"if","locations":[{"start":{"line":181,"column":0},"end":{"line":183,"column":null}},{"start":{"line":181,"column":0},"end":{"line":183,"column":null}}]},"6":{"loc":{"start":{"line":181,"column":0},"end":{"line":181,"column":null}},"type":"binary-expr","locations":[{"start":{"line":181,"column":0},"end":{"line":181,"column":null}},{"start":{"line":181,"column":0},"end":{"line":181,"column":null}}]},"7":{"loc":{"start":{"line":197,"column":0},"end":{"line":197,"column":null}},"type":"binary-expr","locations":[{"start":{"line":197,"column":0},"end":{"line":197,"column":null}},{"start":{"line":197,"column":0},"end":{"line":207,"column":null}}]},"8":{"loc":{"start":{"line":200,"column":0},"end":{"line":206,"column":null}},"type":"if","locations":[{"start":{"line":200,"column":0},"end":{"line":206,"column":null}},{"start":{"line":200,"column":0},"end":{"line":206,"column":null}}]}},"s":{"0":1,"1":2,"2":2,"3":2,"4":2,"5":0,"6":2,"7":2,"8":2,"9":0,"10":0,"11":0,"12":2,"13":0,"14":0,"15":0,"16":0,"17":0,"18":0,"19":0,"20":0,"21":0,"22":2,"23":2,"24":2,"25":2,"26":2,"27":2,"28":0,"29":0,"30":0,"31":0,"32":0,"33":0,"34":2,"35":2,"36":2,"37":0,"38":1,"39":1,"40":1,"41":1,"42":1,"43":1,"44":1,"45":3,"46":1},"f":{"0":2,"1":2,"2":0,"3":2,"4":0,"5":0,"6":0,"7":2,"8":2,"9":2,"10":0,"11":2,"12":2,"13":0,"14":2},"b":{"0":[0,0],"1":[0,0],"2":[0,0],"3":[0,0],"4":[0,0],"5":[0,0],"6":[0,0],"7":[2,0],"8":[0,0]}}
,"/Users/sf/Desktop/vud-jest/VUD/packages/multi-option/src/main.vue": {"path":"/Users/sf/Desktop/vud-jest/VUD/packages/multi-option/src/main.vue","statementMap":{"0":{"start":{"line":13,"column":0},"end":{"line":13,"column":null}},"1":{"start":{"line":18,"column":0},"end":{"line":18,"column":null}},"2":{"start":{"line":27,"column":0},"end":{"line":27,"column":null}},"3":{"start":{"line":29,"column":0},"end":{"line":29,"column":null}},"4":{"start":{"line":30,"column":0},"end":{"line":30,"column":null}},"5":{"start":{"line":32,"column":0},"end":{"line":32,"column":null}},"6":{"start":{"line":33,"column":0},"end":{"line":33,"column":null}},"7":{"start":{"line":35,"column":0},"end":{"line":41,"column":null}},"8":{"start":{"line":36,"column":0},"end":{"line":36,"column":null}},"9":{"start":{"line":38,"column":0},"end":{"line":40,"column":null}},"10":{"start":{"line":39,"column":0},"end":{"line":39,"column":null}},"11":{"start":{"line":42,"column":0},"end":{"line":45,"column":null}},"12":{"start":{"line":44,"column":0},"end":{"line":44,"column":null}},"13":{"start":{"line":48,"column":0},"end":{"line":48,"column":null}},"14":{"start":{"line":52,"column":0},"end":{"line":52,"column":null}},"15":{"start":{"line":53,"column":0},"end":{"line":53,"column":null}},"16":{"start":{"line":57,"column":0},"end":{"line":59,"column":null}},"17":{"start":{"line":58,"column":0},"end":{"line":58,"column":null}},"18":{"start":{"line":63,"column":0},"end":{"line":63,"column":null}},"19":{"start":{"line":64,"column":0},"end":{"line":64,"column":null}},"20":{"start":{"line":65,"column":0},"end":{"line":65,"column":null}},"21":{"start":{"line":66,"column":0},"end":{"line":66,"column":null}},"22":{"start":{"line":70,"column":0},"end":{"line":70,"column":null}},"23":{"start":{"line":22,"column":0},"end":{"line":19,"column":null}},"24":{"start":{"line":26,"column":0},"end":{"line":23,"column":null}}},"fnMap":{"0":{"name":"(anonymous_1)","decl":{"start":{"line":17,"column":0},"end":{"line":17,"column":null}},"loc":{"start":{"line":17,"column":0},"end":{"line":73,"column":null}}},"1":{"name":"(anonymous_2)","decl":{"start":{"line":31,"column":0},"end":{"line":31,"column":null}},"loc":{"start":{"line":31,"column":0},"end":{"line":46,"column":null}}},"2":{"name":"(anonymous_3)","decl":{"start":{"line":47,"column":0},"end":{"line":47,"column":null}},"loc":{"start":{"line":47,"column":0},"end":{"line":49,"column":null}}},"3":{"name":"(anonymous_4)","decl":{"start":{"line":51,"column":0},"end":{"line":51,"column":null}},"loc":{"start":{"line":51,"column":0},"end":{"line":54,"column":null}}},"4":{"name":"(anonymous_5)","decl":{"start":{"line":56,"column":0},"end":{"line":56,"column":null}},"loc":{"start":{"line":56,"column":0},"end":{"line":60,"column":null}}},"5":{"name":"(anonymous_6)","decl":{"start":{"line":62,"column":0},"end":{"line":62,"column":null}},"loc":{"start":{"line":62,"column":0},"end":{"line":67,"column":null}}},"6":{"name":"(anonymous_7)","decl":{"start":{"line":69,"column":0},"end":{"line":69,"column":null}},"loc":{"start":{"line":69,"column":0},"end":{"line":71,"column":null}}}},"branchMap":{"0":{"loc":{"start":{"line":32,"column":0},"end":{"line":32,"column":null}},"type":"binary-expr","locations":[{"start":{"line":32,"column":0},"end":{"line":32,"column":null}},{"start":{"line":32,"column":0},"end":{"line":32,"column":null}}]},"1":{"loc":{"start":{"line":35,"column":0},"end":{"line":35,"column":null}},"type":"binary-expr","locations":[{"start":{"line":35,"column":0},"end":{"line":35,"column":null}},{"start":{"line":35,"column":0},"end":{"line":35,"column":null}},{"start":{"line":35,"column":0},"end":{"line":35,"column":null}}]},"2":{"loc":{"start":{"line":38,"column":0},"end":{"line":40,"column":null}},"type":"if","locations":[{"start":{"line":38,"column":0},"end":{"line":40,"column":null}},{"start":{"line":38,"column":0},"end":{"line":40,"column":null}}]},"3":{"loc":{"start":{"line":42,"column":0},"end":{"line":45,"column":null}},"type":"if","locations":[{"start":{"line":42,"column":0},"end":{"line":45,"column":null}},{"start":{"line":42,"column":0},"end":{"line":45,"column":null}}]},"4":{"loc":{"start":{"line":57,"column":0},"end":{"line":59,"column":null}},"type":"if","locations":[{"start":{"line":57,"column":0},"end":{"line":59,"column":null}},{"start":{"line":57,"column":0},"end":{"line":59,"column":null}}]}},"s":{"0":1,"1":2,"2":1,"3":1,"4":1,"5":1,"6":1,"7":1,"8":1,"9":1,"10":0,"11":1,"12":0,"13":0,"14":0,"15":0,"16":0,"17":0,"18":1,"19":1,"20":1,"21":1,"22":0,"23":1,"24":1},"f":{"0":1,"1":1,"2":0,"3":0,"4":0,"5":1,"6":0},"b":{"0":[1,0],"1":[2,1,0],"2":[0,1],"3":[0,1],"4":[0,0]}}
,"/Users/sf/Desktop/vud-jest/VUD/packages/multi-select/src/main.vue": {"path":"/Users/sf/Desktop/vud-jest/VUD/packages/multi-select/src/main.vue","statementMap":{"0":{"start":{"line":50,"column":0},"end":{"line":50,"column":null}},"1":{"start":{"line":51,"column":0},"end":{"line":51,"column":null}},"2":{"start":{"line":56,"column":0},"end":{"line":64,"column":null}},"3":{"start":{"line":57,"column":0},"end":{"line":57,"column":null}},"4":{"start":{"line":58,"column":0},"end":{"line":63,"column":null}},"5":{"start":{"line":59,"column":0},"end":{"line":59,"column":null}},"6":{"start":{"line":62,"column":0},"end":{"line":62,"column":null}},"7":{"start":{"line":71,"column":0},"end":{"line":71,"column":null}},"8":{"start":{"line":85,"column":0},"end":{"line":85,"column":null}},"9":{"start":{"line":87,"column":0},"end":{"line":87,"column":null}},"10":{"start":{"line":88,"column":0},"end":{"line":88,"column":null}},"11":{"start":{"line":89,"column":0},"end":{"line":89,"column":null}},"12":{"start":{"line":90,"column":0},"end":{"line":90,"column":null}},"13":{"start":{"line":91,"column":0},"end":{"line":91,"column":null}},"14":{"start":{"line":92,"column":0},"end":{"line":92,"column":null}},"15":{"start":{"line":93,"column":0},"end":{"line":93,"column":null}},"16":{"start":{"line":94,"column":0},"end":{"line":94,"column":null}},"17":{"start":{"line":97,"column":0},"end":{"line":97,"column":null}},"18":{"start":{"line":98,"column":0},"end":{"line":98,"column":null}},"19":{"start":{"line":100,"column":0},"end":{"line":106,"column":null}},"20":{"start":{"line":101,"column":0},"end":{"line":101,"column":null}},"21":{"start":{"line":103,"column":0},"end":{"line":105,"column":null}},"22":{"start":{"line":104,"column":0},"end":{"line":104,"column":null}},"23":{"start":{"line":107,"column":0},"end":{"line":110,"column":null}},"24":{"start":{"line":109,"column":0},"end":{"line":109,"column":null}},"25":{"start":{"line":113,"column":0},"end":{"line":113,"column":null}},"26":{"start":{"line":117,"column":0},"end":{"line":117,"column":null}},"27":{"start":{"line":118,"column":0},"end":{"line":118,"column":null}},"28":{"start":{"line":119,"column":0},"end":{"line":130,"column":null}},"29":{"start":{"line":120,"column":0},"end":{"line":120,"column":null}},"30":{"start":{"line":121,"column":0},"end":{"line":129,"column":null}},"31":{"start":{"line":122,"column":0},"end":{"line":122,"column":null}},"32":{"start":{"line":123,"column":0},"end":{"line":123,"column":null}},"33":{"start":{"line":124,"column":0},"end":{"line":126,"column":null}},"34":{"start":{"line":125,"column":0},"end":{"line":125,"column":null}},"35":{"start":{"line":128,"column":0},"end":{"line":128,"column":null}},"36":{"start":{"line":132,"column":0},"end":{"line":141,"column":null}},"37":{"start":{"line":133,"column":0},"end":{"line":133,"column":null}},"38":{"start":{"line":134,"column":0},"end":{"line":140,"column":null}},"39":{"start":{"line":135,"column":0},"end":{"line":137,"column":null}},"40":{"start":{"line":136,"column":0},"end":{"line":136,"column":null}},"41":{"start":{"line":138,"column":0},"end":{"line":138,"column":null}},"42":{"start":{"line":139,"column":0},"end":{"line":139,"column":null}},"43":{"start":{"line":147,"column":0},"end":{"line":166,"column":null}},"44":{"start":{"line":148,"column":0},"end":{"line":148,"column":null}},"45":{"start":{"line":149,"column":0},"end":{"line":149,"column":null}},"46":{"start":{"line":150,"column":0},"end":{"line":150,"column":null}},"47":{"start":{"line":152,"column":0},"end":{"line":163,"column":null}},"48":{"start":{"line":153,"column":0},"end":{"line":153,"column":null}},"49":{"start":{"line":154,"column":0},"end":{"line":163,"column":null}},"50":{"start":{"line":155,"column":0},"end":{"line":155,"column":null}},"51":{"start":{"line":157,"column":0},"end":{"line":162,"column":null}},"52":{"start":{"line":158,"column":0},"end":{"line":158,"column":null}},"53":{"start":{"line":159,"column":0},"end":{"line":161,"column":null}},"54":{"start":{"line":160,"column":0},"end":{"line":160,"column":null}},"55":{"start":{"line":165,"column":0},"end":{"line":165,"column":null}},"56":{"start":{"line":170,"column":0},"end":{"line":172,"column":null}},"57":{"start":{"line":171,"column":0},"end":{"line":171,"column":null}},"58":{"start":{"line":174,"column":0},"end":{"line":174,"column":null}},"59":{"start":{"line":175,"column":0},"end":{"line":175,"column":null}},"60":{"start":{"line":179,"column":0},"end":{"line":179,"column":null}},"61":{"start":{"line":182,"column":0},"end":{"line":192,"column":null}},"62":{"start":{"line":183,"column":0},"end":{"line":183,"column":null}},"63":{"start":{"line":184,"column":0},"end":{"line":192,"column":null}},"64":{"start":{"line":185,"column":0},"end":{"line":185,"column":null}},"65":{"start":{"line":186,"column":0},"end":{"line":186,"column":null}},"66":{"start":{"line":187,"column":0},"end":{"line":187,"column":null}},"67":{"start":{"line":188,"column":0},"end":{"line":192,"column":null}},"68":{"start":{"line":189,"column":0},"end":{"line":189,"column":null}},"69":{"start":{"line":191,"column":0},"end":{"line":191,"column":null}},"70":{"start":{"line":194,"column":0},"end":{"line":194,"column":null}},"71":{"start":{"line":198,"column":0},"end":{"line":198,"column":null}},"72":{"start":{"line":201,"column":0},"end":{"line":205,"column":null}},"73":{"start":{"line":201,"column":0},"end":{"line":201,"column":null}},"74":{"start":{"line":202,"column":0},"end":{"line":204,"column":null}},"75":{"start":{"line":203,"column":0},"end":{"line":203,"column":null}},"76":{"start":{"line":207,"column":0},"end":{"line":207,"column":null}},"77":{"start":{"line":211,"column":0},"end":{"line":215,"column":null}},"78":{"start":{"line":212,"column":0},"end":{"line":212,"column":null}},"79":{"start":{"line":213,"column":0},"end":{"line":213,"column":null}},"80":{"start":{"line":214,"column":0},"end":{"line":214,"column":null}},"81":{"start":{"line":219,"column":0},"end":{"line":221,"column":null}},"82":{"start":{"line":220,"column":0},"end":{"line":220,"column":null}},"83":{"start":{"line":223,"column":0},"end":{"line":227,"column":null}},"84":{"start":{"line":224,"column":0},"end":{"line":224,"column":null}},"85":{"start":{"line":225,"column":0},"end":{"line":225,"column":null}},"86":{"start":{"line":226,"column":0},"end":{"line":226,"column":null}},"87":{"start":{"line":229,"column":0},"end":{"line":229,"column":null}},"88":{"start":{"line":233,"column":0},"end":{"line":233,"column":null}},"89":{"start":{"line":234,"column":0},"end":{"line":234,"column":null}},"90":{"start":{"line":238,"column":0},"end":{"line":238,"column":null}},"91":{"start":{"line":239,"column":0},"end":{"line":239,"column":null}},"92":{"start":{"line":240,"column":0},"end":{"line":240,"column":null}},"93":{"start":{"line":241,"column":0},"end":{"line":241,"column":null}},"94":{"start":{"line":243,"column":0},"end":{"line":257,"column":null}},"95":{"start":{"line":243,"column":0},"end":{"line":243,"column":null}},"96":{"start":{"line":244,"column":0},"end":{"line":244,"column":null}},"97":{"start":{"line":245,"column":0},"end":{"line":245,"column":null}},"98":{"start":{"line":247,"column":0},"end":{"line":252,"column":null}},"99":{"start":{"line":248,"column":0},"end":{"line":248,"column":null}},"100":{"start":{"line":249,"column":0},"end":{"line":249,"column":null}},"101":{"start":{"line":251,"column":0},"end":{"line":251,"column":null}},"102":{"start":{"line":254,"column":0},"end":{"line":256,"column":null}},"103":{"start":{"line":255,"column":0},"end":{"line":255,"column":null}},"104":{"start":{"line":259,"column":0},"end":{"line":259,"column":null}},"105":{"start":{"line":263,"column":0},"end":{"line":263,"column":null}},"106":{"start":{"line":264,"column":0},"end":{"line":264,"column":null}},"107":{"start":{"line":266,"column":0},"end":{"line":270,"column":null}},"108":{"start":{"line":267,"column":0},"end":{"line":267,"column":null}},"109":{"start":{"line":269,"column":0},"end":{"line":269,"column":null}},"110":{"start":{"line":272,"column":0},"end":{"line":272,"column":null}},"111":{"start":{"line":273,"column":0},"end":{"line":273,"column":null}},"112":{"start":{"line":277,"column":0},"end":{"line":277,"column":null}},"113":{"start":{"line":278,"column":0},"end":{"line":278,"column":null}},"114":{"start":{"line":280,"column":0},"end":{"line":284,"column":null}},"115":{"start":{"line":281,"column":0},"end":{"line":283,"column":null}},"116":{"start":{"line":282,"column":0},"end":{"line":282,"column":null}},"117":{"start":{"line":286,"column":0},"end":{"line":286,"column":null}},"118":{"start":{"line":75,"column":0},"end":{"line":72,"column":null}},"119":{"start":{"line":79,"column":0},"end":{"line":76,"column":null}},"120":{"start":{"line":83,"column":0},"end":{"line":80,"column":null}},"121":{"start":{"line":146,"column":0},"end":{"line":146,"column":null}},"122":{"start":{"line":71,"column":0},"end":{"line":67,"column":null}}},"fnMap":{"0":{"name":"_broadcast","decl":{"start":{"line":54,"column":0},"end":{"line":54,"column":null}},"loc":{"start":{"line":54,"column":0},"end":{"line":65,"column":null}}},"1":{"name":"(anonymous_2)","decl":{"start":{"line":56,"column":0},"end":{"line":56,"column":null}},"loc":{"start":{"line":56,"column":0},"end":{"line":64,"column":null}}},"2":{"name":"(anonymous_3)","decl":{"start":{"line":67,"column":0},"end":{"line":67,"column":null}},"loc":{"start":{"line":67,"column":0},"end":{"line":289,"column":null}}},"3":{"name":"(anonymous_4)","decl":{"start":{"line":96,"column":0},"end":{"line":96,"column":null}},"loc":{"start":{"line":96,"column":0},"end":{"line":111,"column":null}}},"4":{"name":"(anonymous_5)","decl":{"start":{"line":112,"column":0},"end":{"line":112,"column":null}},"loc":{"start":{"line":112,"column":0},"end":{"line":114,"column":null}}},"5":{"name":"(anonymous_6)","decl":{"start":{"line":116,"column":0},"end":{"line":116,"column":null}},"loc":{"start":{"line":116,"column":0},"end":{"line":142,"column":null}}},"6":{"name":"(anonymous_7)","decl":{"start":{"line":119,"column":0},"end":{"line":119,"column":null}},"loc":{"start":{"line":119,"column":0},"end":{"line":130,"column":null}}},"7":{"name":"(anonymous_8)","decl":{"start":{"line":124,"column":0},"end":{"line":124,"column":null}},"loc":{"start":{"line":124,"column":0},"end":{"line":126,"column":null}}},"8":{"name":"(anonymous_9)","decl":{"start":{"line":134,"column":0},"end":{"line":134,"column":null}},"loc":{"start":{"line":134,"column":0},"end":{"line":140,"column":null}}},"9":{"name":"(anonymous_10)","decl":{"start":{"line":135,"column":0},"end":{"line":135,"column":null}},"loc":{"start":{"line":135,"column":0},"end":{"line":137,"column":null}}},"10":{"name":"(anonymous_11)","decl":{"start":{"line":146,"column":0},"end":{"line":146,"column":null}},"loc":{"start":{"line":146,"column":0},"end":{"line":167,"column":null}}},"11":{"name":"(anonymous_12)","decl":{"start":{"line":147,"column":0},"end":{"line":147,"column":null}},"loc":{"start":{"line":147,"column":0},"end":{"line":166,"column":null}}},"12":{"name":"(anonymous_13)","decl":{"start":{"line":159,"column":0},"end":{"line":159,"column":null}},"loc":{"start":{"line":159,"column":0},"end":{"line":161,"column":null}}},"13":{"name":"(anonymous_14)","decl":{"start":{"line":169,"column":0},"end":{"line":169,"column":null}},"loc":{"start":{"line":169,"column":0},"end":{"line":176,"column":null}}},"14":{"name":"(anonymous_15)","decl":{"start":{"line":178,"column":0},"end":{"line":178,"column":null}},"loc":{"start":{"line":178,"column":0},"end":{"line":195,"column":null}}},"15":{"name":"(anonymous_16)","decl":{"start":{"line":197,"column":0},"end":{"line":197,"column":null}},"loc":{"start":{"line":197,"column":0},"end":{"line":208,"column":null}}},"16":{"name":"(anonymous_17)","decl":{"start":{"line":210,"column":0},"end":{"line":210,"column":null}},"loc":{"start":{"line":210,"column":0},"end":{"line":216,"column":null}}},"17":{"name":"(anonymous_18)","decl":{"start":{"line":211,"column":0},"end":{"line":211,"column":null}},"loc":{"start":{"line":211,"column":0},"end":{"line":215,"column":null}}},"18":{"name":"(anonymous_19)","decl":{"start":{"line":218,"column":0},"end":{"line":218,"column":null}},"loc":{"start":{"line":218,"column":0},"end":{"line":230,"column":null}}},"19":{"name":"(anonymous_20)","decl":{"start":{"line":232,"column":0},"end":{"line":232,"column":null}},"loc":{"start":{"line":232,"column":0},"end":{"line":235,"column":null}}},"20":{"name":"(anonymous_21)","decl":{"start":{"line":237,"column":0},"end":{"line":237,"column":null}},"loc":{"start":{"line":237,"column":0},"end":{"line":260,"column":null}}},"21":{"name":"(anonymous_22)","decl":{"start":{"line":262,"column":0},"end":{"line":262,"column":null}},"loc":{"start":{"line":262,"column":0},"end":{"line":274,"column":null}}},"22":{"name":"(anonymous_23)","decl":{"start":{"line":276,"column":0},"end":{"line":276,"column":null}},"loc":{"start":{"line":276,"column":0},"end":{"line":287,"column":null}}},"23":{"name":"(anonymous_24)","decl":{"start":{"line":281,"column":0},"end":{"line":281,"column":null}},"loc":{"start":{"line":281,"column":0},"end":{"line":283,"column":null}}}},"branchMap":{"0":{"loc":{"start":{"line":58,"column":0},"end":{"line":63,"column":null}},"type":"if","locations":[{"start":{"line":58,"column":0},"end":{"line":63,"column":null}},{"start":{"line":58,"column":0},"end":{"line":63,"column":null}}]},"1":{"loc":{"start":{"line":97,"column":0},"end":{"line":97,"column":null}},"type":"binary-expr","locations":[{"start":{"line":97,"column":0},"end":{"line":97,"column":null}},{"start":{"line":97,"column":0},"end":{"line":97,"column":null}}]},"2":{"loc":{"start":{"line":100,"column":0},"end":{"line":100,"column":null}},"type":"binary-expr","locations":[{"start":{"line":100,"column":0},"end":{"line":100,"column":null}},{"start":{"line":100,"column":0},"end":{"line":100,"column":null}},{"start":{"line":100,"column":0},"end":{"line":100,"column":null}}]},"3":{"loc":{"start":{"line":103,"column":0},"end":{"line":105,"column":null}},"type":"if","locations":[{"start":{"line":103,"column":0},"end":{"line":105,"column":null}},{"start":{"line":103,"column":0},"end":{"line":105,"column":null}}]},"4":{"loc":{"start":{"line":107,"column":0},"end":{"line":110,"column":null}},"type":"if","locations":[{"start":{"line":107,"column":0},"end":{"line":110,"column":null}},{"start":{"line":107,"column":0},"end":{"line":110,"column":null}}]},"5":{"loc":{"start":{"line":120,"column":0},"end":{"line":120,"column":null}},"type":"binary-expr","locations":[{"start":{"line":120,"column":0},"end":{"line":120,"column":null}},{"start":{"line":120,"column":0},"end":{"line":120,"column":null}}]},"6":{"loc":{"start":{"line":121,"column":0},"end":{"line":129,"column":null}},"type":"if","locations":[{"start":{"line":121,"column":0},"end":{"line":129,"column":null}},{"start":{"line":121,"column":0},"end":{"line":129,"column":null}}]},"7":{"loc":{"start":{"line":121,"column":0},"end":{"line":121,"column":null}},"type":"binary-expr","locations":[{"start":{"line":121,"column":0},"end":{"line":121,"column":null}},{"start":{"line":121,"column":0},"end":{"line":121,"column":null}},{"start":{"line":121,"column":0},"end":{"line":121,"column":null}}]},"8":{"loc":{"start":{"line":128,"column":0},"end":{"line":128,"column":null}},"type":"cond-expr","locations":[{"start":{"line":128,"column":0},"end":{"line":128,"column":null}},{"start":{"line":128,"column":0},"end":{"line":128,"column":null}}]},"9":{"loc":{"start":{"line":132,"column":0},"end":{"line":141,"column":null}},"type":"if","locations":[{"start":{"line":132,"column":0},"end":{"line":141,"column":null}},{"start":{"line":132,"column":0},"end":{"line":141,"column":null}}]},"10":{"loc":{"start":{"line":152,"column":0},"end":{"line":163,"column":null}},"type":"if","locations":[{"start":{"line":152,"column":0},"end":{"line":163,"column":null}},{"start":{"line":152,"column":0},"end":{"line":163,"column":null}}]},"11":{"loc":{"start":{"line":154,"column":0},"end":{"line":163,"column":null}},"type":"if","locations":[{"start":{"line":154,"column":0},"end":{"line":163,"column":null}},{"start":{"line":154,"column":0},"end":{"line":163,"column":null}}]},"12":{"loc":{"start":{"line":157,"column":0},"end":{"line":162,"column":null}},"type":"if","locations":[{"start":{"line":157,"column":0},"end":{"line":162,"column":null}},{"start":{"line":157,"column":0},"end":{"line":162,"column":null}}]},"13":{"loc":{"start":{"line":170,"column":0},"end":{"line":172,"column":null}},"type":"if","locations":[{"start":{"line":170,"column":0},"end":{"line":172,"column":null}},{"start":{"line":170,"column":0},"end":{"line":172,"column":null}}]},"14":{"loc":{"start":{"line":175,"column":0},"end":{"line":175,"column":null}},"type":"binary-expr","locations":[{"start":{"line":175,"column":0},"end":{"line":175,"column":null}},{"start":{"line":175,"column":0},"end":{"line":175,"column":null}}]},"15":{"loc":{"start":{"line":182,"column":0},"end":{"line":192,"column":null}},"type":"if","locations":[{"start":{"line":182,"column":0},"end":{"line":192,"column":null}},{"start":{"line":182,"column":0},"end":{"line":192,"column":null}}]},"16":{"loc":{"start":{"line":184,"column":0},"end":{"line":192,"column":null}},"type":"if","locations":[{"start":{"line":184,"column":0},"end":{"line":192,"column":null}},{"start":{"line":184,"column":0},"end":{"line":192,"column":null}}]},"17":{"loc":{"start":{"line":188,"column":0},"end":{"line":192,"column":null}},"type":"if","locations":[{"start":{"line":188,"column":0},"end":{"line":192,"column":null}},{"start":{"line":188,"column":0},"end":{"line":192,"column":null}}]},"18":{"loc":{"start":{"line":202,"column":0},"end":{"line":204,"column":null}},"type":"if","locations":[{"start":{"line":202,"column":0},"end":{"line":204,"column":null}},{"start":{"line":202,"column":0},"end":{"line":204,"column":null}}]},"19":{"loc":{"start":{"line":213,"column":0},"end":{"line":213,"column":null}},"type":"if","locations":[{"start":{"line":213,"column":0},"end":{"line":213,"column":null}},{"start":{"line":213,"column":0},"end":{"line":213,"column":null}}]},"20":{"loc":{"start":{"line":219,"column":0},"end":{"line":221,"column":null}},"type":"if","locations":[{"start":{"line":219,"column":0},"end":{"line":221,"column":null}},{"start":{"line":219,"column":0},"end":{"line":221,"column":null}}]},"21":{"loc":{"start":{"line":223,"column":0},"end":{"line":227,"column":null}},"type":"if","locations":[{"start":{"line":223,"column":0},"end":{"line":227,"column":null}},{"start":{"line":223,"column":0},"end":{"line":227,"column":null}}]},"22":{"loc":{"start":{"line":247,"column":0},"end":{"line":252,"column":null}},"type":"if","locations":[{"start":{"line":247,"column":0},"end":{"line":252,"column":null}},{"start":{"line":247,"column":0},"end":{"line":252,"column":null}}]},"23":{"loc":{"start":{"line":254,"column":0},"end":{"line":256,"column":null}},"type":"if","locations":[{"start":{"line":254,"column":0},"end":{"line":256,"column":null}},{"start":{"line":254,"column":0},"end":{"line":256,"column":null}}]},"24":{"loc":{"start":{"line":255,"column":0},"end":{"line":255,"column":null}},"type":"cond-expr","locations":[{"start":{"line":255,"column":0},"end":{"line":255,"column":null}},{"start":{"line":255,"column":0},"end":{"line":255,"column":null}}]},"25":{"loc":{"start":{"line":266,"column":0},"end":{"line":270,"column":null}},"type":"if","locations":[{"start":{"line":266,"column":0},"end":{"line":270,"column":null}},{"start":{"line":266,"column":0},"end":{"line":270,"column":null}}]},"26":{"loc":{"start":{"line":280,"column":0},"end":{"line":284,"column":null}},"type":"if","locations":[{"start":{"line":280,"column":0},"end":{"line":284,"column":null}},{"start":{"line":280,"column":0},"end":{"line":284,"column":null}}]}},"s":{"0":1,"1":1,"2":0,"3":0,"4":0,"5":0,"6":0,"7":1,"8":1,"9":1,"10":1,"11":1,"12":1,"13":1,"14":1,"15":1,"16":1,"17":0,"18":0,"19":0,"20":0,"21":0,"22":0,"23":0,"24":0,"25":0,"26":1,"27":1,"28":1,"29":1,"30":1,"31":0,"32":0,"33":0,"34":0,"35":1,"36":1,"37":0,"38":0,"39":0,"40":0,"41":0,"42":0,"43":0,"44":0,"45":0,"46":0,"47":0,"48":0,"49":0,"50":0,"51":0,"52":0,"53":0,"54":0,"55":0,"56":0,"57":0,"58":0,"59":0,"60":0,"61":0,"62":0,"63":0,"64":0,"65":0,"66":0,"67":0,"68":0,"69":0,"70":0,"71":0,"72":0,"73":0,"74":0,"75":0,"76":0,"77":0,"78":0,"79":0,"80":0,"81":0,"82":0,"83":0,"84":0,"85":0,"86":0,"87":0,"88":0,"89":0,"90":0,"91":0,"92":0,"93":0,"94":0,"95":0,"96":0,"97":0,"98":0,"99":0,"100":0,"101":0,"102":0,"103":0,"104":0,"105":0,"106":0,"107":0,"108":0,"109":0,"110":0,"111":0,"112":0,"113":0,"114":0,"115":0,"116":0,"117":0,"118":1,"119":1,"120":1,"121":1,"122":1},"f":{"0":0,"1":0,"2":1,"3":0,"4":0,"5":1,"6":1,"7":0,"8":0,"9":0,"10":0,"11":0,"12":0,"13":0,"14":0,"15":0,"16":0,"17":0,"18":0,"19":0,"20":0,"21":0,"22":0,"23":0},"b":{"0":[0,0],"1":[0,0],"2":[0,0,0],"3":[0,0],"4":[0,0],"5":[1,1],"6":[0,1],"7":[1,0,0],"8":[0,1],"9":[0,1],"10":[0,0],"11":[0,0],"12":[0,0],"13":[0,0],"14":[0,0],"15":[0,0],"16":[0,0],"17":[0,0],"18":[0,0],"19":[0,0],"20":[0,0],"21":[0,0],"22":[0,0],"23":[0,0],"24":[0,0],"25":[0,0],"26":[0,0]}}
}
