TN:
SF:/Users/sf/Desktop/vud-jest/VUD/packages/form-dialog/src/main.vue
FN:83,(anonymous_1)
FN:86,(anonymous_2)
FN:117,(anonymous_3)
FN:119,(anonymous_4)
FN:130,(anonymous_5)
FN:140,(anonymous_6)
FN:146,(anonymous_7)
FN:149,(anonymous_8)
FN:152,(anonymous_9)
FN:108,(anonymous_10)
FNF:10
FNH:0
FNDA:0,(anonymous_1)
FNDA:0,(anonymous_2)
FNDA:0,(anonymous_3)
FNDA:0,(anonymous_4)
FNDA:0,(anonymous_5)
FNDA:0,(anonymous_6)
FNDA:0,(anonymous_7)
FNDA:0,(anonymous_8)
FNDA:0,(anonymous_9)
FNDA:0,(anonymous_10)
DA:80,0
DA:85,0
DA:87,0
DA:92,0
DA:96,0
DA:107,0
DA:108,0
DA:111,0
DA:112,0
DA:118,0
DA:119,0
DA:120,0
DA:121,0
DA:124,0
DA:131,0
DA:132,0
DA:133,0
DA:134,0
DA:136,0
DA:138,0
DA:141,0
DA:142,0
DA:144,0
DA:147,0
DA:150,0
DA:153,0
LF:26
LH:0
BRDA:120,0,0,0
BRDA:120,0,1,0
BRDA:133,1,0,0
BRDA:133,1,1,0
BRDA:133,2,0,0
BRDA:133,2,1,0
BRDA:136,3,0,0
BRDA:136,3,1,0
BRDA:141,4,0,0
BRDA:141,4,1,0
BRDA:141,5,0,0
BRDA:141,5,1,0
BRF:12
BRH:0
end_of_record
TN:
SF:/Users/sf/Desktop/vud-jest/VUD/packages/form-table/src/main.vue
FN:104,(anonymous_1)
FN:107,(anonymous_2)
FN:110,(anonymous_3)
FN:155,(anonymous_4)
FN:158,(anonymous_5)
FN:170,(anonymous_6)
FN:180,(anonymous_7)
FN:189,(anonymous_8)
FN:190,(anonymous_9)
FN:193,(anonymous_10)
FN:197,(anonymous_11)
FN:214,(anonymous_12)
FN:218,(anonymous_13)
FN:223,(anonymous_14)
FN:148,(anonymous_15)
FNF:15
FNH:9
FNDA:2,(anonymous_1)
FNDA:2,(anonymous_2)
FNDA:0,(anonymous_3)
FNDA:2,(anonymous_4)
FNDA:0,(anonymous_5)
FNDA:0,(anonymous_6)
FNDA:0,(anonymous_7)
FNDA:2,(anonymous_8)
FNDA:2,(anonymous_9)
FNDA:2,(anonymous_10)
FNDA:0,(anonymous_11)
FNDA:2,(anonymous_12)
FNDA:2,(anonymous_13)
FNDA:0,(anonymous_14)
FNDA:2,(anonymous_15)
DA:103,1
DA:106,2
DA:108,2
DA:111,0
DA:116,1
DA:127,1
DA:136,1
DA:141,1
DA:142,1
DA:143,1
DA:147,1
DA:148,3
DA:150,2
DA:151,2
DA:156,2
DA:157,2
DA:158,2
DA:159,0
DA:160,0
DA:161,0
DA:164,2
DA:171,0
DA:172,0
DA:173,0
DA:174,0
DA:176,0
DA:178,0
DA:181,0
DA:182,0
DA:184,0
DA:190,2
DA:191,2
DA:192,2
DA:193,2
DA:194,2
DA:197,2
DA:199,0
DA:200,0
DA:201,0
DA:202,0
DA:203,0
DA:205,0
DA:215,2
DA:216,2
DA:219,2
DA:223,1
DA:224,0
LF:47
LH:27
BRDA:159,0,0,0
BRDA:159,0,1,0
BRDA:160,1,0,0
BRDA:160,1,1,0
BRDA:173,2,0,0
BRDA:173,2,1,0
BRDA:173,3,0,0
BRDA:173,3,1,0
BRDA:176,4,0,0
BRDA:176,4,1,0
BRDA:181,5,0,0
BRDA:181,5,1,0
BRDA:181,6,0,0
BRDA:181,6,1,0
BRDA:197,7,0,2
BRDA:197,7,1,0
BRDA:200,8,0,0
BRDA:200,8,1,0
BRF:18
BRH:1
end_of_record
TN:
SF:/Users/sf/Desktop/vud-jest/VUD/packages/multi-option/src/main.vue
FN:17,(anonymous_1)
FN:31,(anonymous_2)
FN:47,(anonymous_3)
FN:51,(anonymous_4)
FN:56,(anonymous_5)
FN:62,(anonymous_6)
FN:69,(anonymous_7)
FNF:7
FNH:4
FNDA:4,(anonymous_1)
FNDA:4,(anonymous_2)
FNDA:1,(anonymous_3)
FNDA:0,(anonymous_4)
FNDA:0,(anonymous_5)
FNDA:4,(anonymous_6)
FNDA:0,(anonymous_7)
DA:13,1
DA:18,2
DA:22,1
DA:26,1
DA:27,4
DA:29,4
DA:30,4
DA:32,4
DA:33,4
DA:35,4
DA:36,4
DA:38,4
DA:39,0
DA:42,4
DA:44,0
DA:48,1
DA:52,0
DA:53,0
DA:57,0
DA:58,0
DA:63,4
DA:64,4
DA:65,4
DA:66,4
DA:70,0
LF:25
LH:18
BRDA:32,0,0,4
BRDA:32,0,1,0
BRDA:35,1,0,8
BRDA:35,1,1,4
BRDA:35,1,2,0
BRDA:38,2,0,0
BRDA:38,2,1,4
BRDA:42,3,0,0
BRDA:42,3,1,4
BRDA:57,4,0,0
BRDA:57,4,1,0
BRF:11
BRH:5
end_of_record
TN:
SF:/Users/sf/Desktop/vud-jest/VUD/packages/multi-select/src/main.vue
FN:54,_broadcast
FN:56,(anonymous_2)
FN:67,(anonymous_3)
FN:96,(anonymous_4)
FN:112,(anonymous_5)
FN:116,(anonymous_6)
FN:119,(anonymous_7)
FN:124,(anonymous_8)
FN:134,(anonymous_9)
FN:135,(anonymous_10)
FN:146,(anonymous_11)
FN:147,(anonymous_12)
FN:159,(anonymous_13)
FN:169,(anonymous_14)
FN:178,(anonymous_15)
FN:197,(anonymous_16)
FN:210,(anonymous_17)
FN:211,(anonymous_18)
FN:218,(anonymous_19)
FN:232,(anonymous_20)
FN:237,(anonymous_21)
FN:262,(anonymous_22)
FN:276,(anonymous_23)
FN:281,(anonymous_24)
FNF:24
FNH:3
FNDA:0,_broadcast
FNDA:0,(anonymous_2)
FNDA:1,(anonymous_3)
FNDA:0,(anonymous_4)
FNDA:0,(anonymous_5)
FNDA:1,(anonymous_6)
FNDA:1,(anonymous_7)
FNDA:0,(anonymous_8)
FNDA:0,(anonymous_9)
FNDA:0,(anonymous_10)
FNDA:0,(anonymous_11)
FNDA:0,(anonymous_12)
FNDA:0,(anonymous_13)
FNDA:0,(anonymous_14)
FNDA:0,(anonymous_15)
FNDA:0,(anonymous_16)
FNDA:0,(anonymous_17)
FNDA:0,(anonymous_18)
FNDA:0,(anonymous_19)
FNDA:0,(anonymous_20)
FNDA:0,(anonymous_21)
FNDA:0,(anonymous_22)
FNDA:0,(anonymous_23)
FNDA:0,(anonymous_24)
DA:50,1
DA:51,1
DA:56,0
DA:57,0
DA:58,0
DA:59,0
DA:62,0
DA:71,1
DA:75,1
DA:79,1
DA:83,1
DA:85,1
DA:87,1
DA:88,1
DA:89,1
DA:90,1
DA:91,1
DA:92,1
DA:93,1
DA:94,1
DA:97,0
DA:98,0
DA:100,0
DA:101,0
DA:103,0
DA:104,0
DA:107,0
DA:109,0
DA:113,0
DA:117,1
DA:118,1
DA:119,1
DA:120,1
DA:121,1
DA:122,0
DA:123,0
DA:124,0
DA:125,0
DA:128,1
DA:132,1
DA:133,0
DA:134,0
DA:135,0
DA:136,0
DA:138,0
DA:139,0
DA:146,1
DA:147,0
DA:148,0
DA:149,0
DA:150,0
DA:152,0
DA:153,0
DA:154,0
DA:155,0
DA:157,0
DA:158,0
DA:159,0
DA:160,0
DA:165,0
DA:170,0
DA:171,0
DA:174,0
DA:175,0
DA:179,0
DA:182,0
DA:183,0
DA:184,0
DA:185,0
DA:186,0
DA:187,0
DA:188,0
DA:189,0
DA:191,0
DA:194,0
DA:198,0
DA:201,0
DA:202,0
DA:203,0
DA:207,0
DA:211,0
DA:212,0
DA:213,0
DA:214,0
DA:219,0
DA:220,0
DA:223,0
DA:224,0
DA:225,0
DA:226,0
DA:229,0
DA:233,0
DA:234,0
DA:238,0
DA:239,0
DA:240,0
DA:241,0
DA:243,0
DA:244,0
DA:245,0
DA:247,0
DA:248,0
DA:249,0
DA:251,0
DA:254,0
DA:255,0
DA:259,0
DA:263,0
DA:264,0
DA:266,0
DA:267,0
DA:269,0
DA:272,0
DA:273,0
DA:277,0
DA:278,0
DA:280,0
DA:281,0
DA:282,0
DA:286,0
LF:120
LH:23
BRDA:58,0,0,0
BRDA:58,0,1,0
BRDA:97,1,0,0
BRDA:97,1,1,0
BRDA:100,2,0,0
BRDA:100,2,1,0
BRDA:100,2,2,0
BRDA:103,3,0,0
BRDA:103,3,1,0
BRDA:107,4,0,0
BRDA:107,4,1,0
BRDA:120,5,0,1
BRDA:120,5,1,1
BRDA:121,6,0,0
BRDA:121,6,1,1
BRDA:121,7,0,1
BRDA:121,7,1,0
BRDA:121,7,2,0
BRDA:128,8,0,0
BRDA:128,8,1,1
BRDA:132,9,0,0
BRDA:132,9,1,1
BRDA:152,10,0,0
BRDA:152,10,1,0
BRDA:154,11,0,0
BRDA:154,11,1,0
BRDA:157,12,0,0
BRDA:157,12,1,0
BRDA:170,13,0,0
BRDA:170,13,1,0
BRDA:175,14,0,0
BRDA:175,14,1,0
BRDA:182,15,0,0
BRDA:182,15,1,0
BRDA:184,16,0,0
BRDA:184,16,1,0
BRDA:188,17,0,0
BRDA:188,17,1,0
BRDA:202,18,0,0
BRDA:202,18,1,0
BRDA:213,19,0,0
BRDA:213,19,1,0
BRDA:219,20,0,0
BRDA:219,20,1,0
BRDA:223,21,0,0
BRDA:223,21,1,0
BRDA:247,22,0,0
BRDA:247,22,1,0
BRDA:254,23,0,0
BRDA:254,23,1,0
BRDA:255,24,0,0
BRDA:255,24,1,0
BRDA:266,25,0,0
BRDA:266,25,1,0
BRDA:280,26,0,0
BRDA:280,26,1,0
BRF:56
BRH:6
end_of_record
